<?xml version="1.0" encoding="UTF-8"?>
<testng-results ignored="0" total="1" passed="1" failed="0" skipped="0">
  <reporter-output>
  </reporter-output>
  <suite started-at="2021-06-08T20:46:02 IST" name="seleniumFramework" finished-at="2021-06-08T20:47:04 IST" duration-ms="61860">
    <groups>
    </groups>
    <test started-at="2021-06-08T20:46:02 IST" name="Selenium Test" finished-at="2021-06-08T20:47:04 IST" duration-ms="61860">
      <class name="com.practice.testcases.Login_TC">
        <test-method is-config="true" signature="setup(java.lang.String)[pri:0, instance:com.practice.testcases.Login_TC@3cebbb30]" started-at="2021-06-08T20:46:02 IST" name="setup" finished-at="2021-06-08T20:46:56 IST" duration-ms="54128" status="PASS">
          <params>
            <param index="0">
              <value>
                <![CDATA[chrome]]>
              </value>
            </param>
          </params>
          <reporter-output>
          </reporter-output>
        </test-method> <!-- setup -->
        <test-method signature="logintestcase()[pri:0, instance:com.practice.testcases.Login_TC@3cebbb30]" started-at="2021-06-08T20:46:56 IST" name="logintestcase" finished-at="2021-06-08T20:47:02 IST" duration-ms="6308" status="PASS">
          <reporter-output>
          </reporter-output>
        </test-method> <!-- logintestcase -->
        <test-method is-config="true" signature="tierDown()[pri:0, instance:com.practice.testcases.Login_TC@3cebbb30]" started-at="2021-06-08T20:47:02 IST" name="tierDown" finished-at="2021-06-08T20:47:04 IST" duration-ms="1339" status="PASS">
          <reporter-output>
          </reporter-output>
        </test-method> <!-- tierDown -->
      </class> <!-- com.practice.testcases.Login_TC -->
    </test> <!-- Selenium Test -->
  </suite> <!-- seleniumFramework -->
</testng-results>
